[0.259s] DEBUG:colcon:Command line arguments: ['/usr/bin/colcon', 'build']
[0.259s] DEBUG:colcon:Parsed command line arguments: Namespace(allow_overriding=[], ament_cmake_args=None, base_paths=['.'], build_base='build', catkin_cmake_args=None, catkin_skip_building_tests=False, cmake_args=None, cmake_clean_cache=False, cmake_clean_first=False, cmake_force_configure=False, cmake_target=None, cmake_target_skip_unavailable=False, continue_on_error=False, event_handlers=None, executor='parallel', ignore_user_meta=False, install_base='install', log_base=None, log_level=None, main=<bound method BuildVerb.main of <colcon_core.verb.build.BuildVerb object at 0x7fbfa63cf730>>, merge_install=False, metas=['./colcon.meta'], packages_above=None, packages_above_and_dependencies=None, packages_above_depth=None, packages_end=None, packages_ignore=None, packages_ignore_regex=None, packages_select=None, packages_select_build_failed=False, packages_select_by_dep=None, packages_select_regex=None, packages_select_test_failures=False, packages_skip=None, packages_skip_build_finished=False, packages_skip_by_dep=None, packages_skip_regex=None, packages_skip_test_passed=False, packages_skip_up_to=None, packages_start=None, packages_up_to=None, packages_up_to_regex=None, parallel_workers=12, paths=None, symlink_install=False, test_result_base=None, verb_extension=<colcon_core.verb.build.BuildVerb object at 0x7fbfa63cf730>, verb_name='build', verb_parser=<colcon_defaults.argument_parser.defaults.DefaultArgumentsDecorator object at 0x7fbfa63cfc70>)
[0.291s] Level 1:colcon.colcon_core.package_discovery:discover_packages(colcon_meta) check parameters
[0.291s] Level 1:colcon.colcon_core.package_discovery:discover_packages(recursive) check parameters
[0.291s] Level 1:colcon.colcon_core.package_discovery:discover_packages(ignore) check parameters
[0.291s] Level 1:colcon.colcon_core.package_discovery:discover_packages(path) check parameters
[0.291s] Level 1:colcon.colcon_core.package_discovery:discover_packages(colcon_meta) discover
[0.291s] Level 1:colcon.colcon_core.package_discovery:discover_packages(recursive) discover
[0.291s] INFO:colcon.colcon_core.package_discovery:Crawling recursively for packages in '/home/zhangwencheng/Documents/project/town_ws'
[0.291s] Level 1:colcon.colcon_core.package_identification:_identify(.) by extensions ['ignore', 'ignore_ament_install']
[0.291s] Level 1:colcon.colcon_core.package_identification:_identify(.) by extension 'ignore'
[0.291s] Level 1:colcon.colcon_core.package_identification:_identify(.) by extension 'ignore_ament_install'
[0.291s] Level 1:colcon.colcon_core.package_identification:_identify(.) by extensions ['colcon_pkg']
[0.291s] Level 1:colcon.colcon_core.package_identification:_identify(.) by extension 'colcon_pkg'
[0.292s] Level 1:colcon.colcon_core.package_identification:_identify(.) by extensions ['colcon_meta']
[0.292s] Level 1:colcon.colcon_core.package_identification:_identify(.) by extension 'colcon_meta'
[0.292s] Level 1:colcon.colcon_core.package_identification:_identify(.) by extensions ['ros']
[0.292s] Level 1:colcon.colcon_core.package_identification:_identify(.) by extension 'ros'
[0.307s] Level 1:colcon.colcon_core.package_identification:_identify(.) by extensions ['cmake', 'python']
[0.307s] Level 1:colcon.colcon_core.package_identification:_identify(.) by extension 'cmake'
[0.308s] Level 1:colcon.colcon_core.package_identification:_identify(.) by extension 'python'
[0.308s] Level 1:colcon.colcon_core.package_identification:_identify(.) by extensions ['python_setup_py']
[0.308s] Level 1:colcon.colcon_core.package_identification:_identify(.) by extension 'python_setup_py'
[0.308s] Level 1:colcon.colcon_core.package_identification:_identify(build) by extensions ['ignore', 'ignore_ament_install']
[0.308s] Level 1:colcon.colcon_core.package_identification:_identify(build) by extension 'ignore'
[0.308s] Level 1:colcon.colcon_core.package_identification:_identify(build) ignored
[0.308s] Level 1:colcon.colcon_core.package_identification:_identify(install) by extensions ['ignore', 'ignore_ament_install']
[0.308s] Level 1:colcon.colcon_core.package_identification:_identify(install) by extension 'ignore'
[0.308s] Level 1:colcon.colcon_core.package_identification:_identify(install) ignored
[0.308s] Level 1:colcon.colcon_core.package_identification:_identify(log) by extensions ['ignore', 'ignore_ament_install']
[0.308s] Level 1:colcon.colcon_core.package_identification:_identify(log) by extension 'ignore'
[0.308s] Level 1:colcon.colcon_core.package_identification:_identify(log) ignored
[0.308s] Level 1:colcon.colcon_core.package_identification:_identify(src) by extensions ['ignore', 'ignore_ament_install']
[0.308s] Level 1:colcon.colcon_core.package_identification:_identify(src) by extension 'ignore'
[0.308s] Level 1:colcon.colcon_core.package_identification:_identify(src) by extension 'ignore_ament_install'
[0.308s] Level 1:colcon.colcon_core.package_identification:_identify(src) by extensions ['colcon_pkg']
[0.308s] Level 1:colcon.colcon_core.package_identification:_identify(src) by extension 'colcon_pkg'
[0.309s] Level 1:colcon.colcon_core.package_identification:_identify(src) by extensions ['colcon_meta']
[0.309s] Level 1:colcon.colcon_core.package_identification:_identify(src) by extension 'colcon_meta'
[0.309s] Level 1:colcon.colcon_core.package_identification:_identify(src) by extensions ['ros']
[0.309s] Level 1:colcon.colcon_core.package_identification:_identify(src) by extension 'ros'
[0.309s] Level 1:colcon.colcon_core.package_identification:_identify(src) by extensions ['cmake', 'python']
[0.309s] Level 1:colcon.colcon_core.package_identification:_identify(src) by extension 'cmake'
[0.309s] Level 1:colcon.colcon_core.package_identification:_identify(src) by extension 'python'
[0.309s] Level 1:colcon.colcon_core.package_identification:_identify(src) by extensions ['python_setup_py']
[0.309s] Level 1:colcon.colcon_core.package_identification:_identify(src) by extension 'python_setup_py'
[0.309s] Level 1:colcon.colcon_core.package_identification:_identify(src/village_li) by extensions ['ignore', 'ignore_ament_install']
[0.309s] Level 1:colcon.colcon_core.package_identification:_identify(src/village_li) by extension 'ignore'
[0.309s] Level 1:colcon.colcon_core.package_identification:_identify(src/village_li) by extension 'ignore_ament_install'
[0.309s] Level 1:colcon.colcon_core.package_identification:_identify(src/village_li) by extensions ['colcon_pkg']
[0.309s] Level 1:colcon.colcon_core.package_identification:_identify(src/village_li) by extension 'colcon_pkg'
[0.309s] Level 1:colcon.colcon_core.package_identification:_identify(src/village_li) by extensions ['colcon_meta']
[0.309s] Level 1:colcon.colcon_core.package_identification:_identify(src/village_li) by extension 'colcon_meta'
[0.309s] Level 1:colcon.colcon_core.package_identification:_identify(src/village_li) by extensions ['ros']
[0.309s] Level 1:colcon.colcon_core.package_identification:_identify(src/village_li) by extension 'ros'
[0.311s] DEBUG:colcon.colcon_core.package_identification:Package 'src/village_li' with type 'ros.ament_python' and name 'village_li'
[0.311s] Level 1:colcon.colcon_core.package_identification:_identify(src/village_wang) by extensions ['ignore', 'ignore_ament_install']
[0.311s] Level 1:colcon.colcon_core.package_identification:_identify(src/village_wang) by extension 'ignore'
[0.311s] Level 1:colcon.colcon_core.package_identification:_identify(src/village_wang) by extension 'ignore_ament_install'
[0.312s] Level 1:colcon.colcon_core.package_identification:_identify(src/village_wang) by extensions ['colcon_pkg']
[0.312s] Level 1:colcon.colcon_core.package_identification:_identify(src/village_wang) by extension 'colcon_pkg'
[0.312s] Level 1:colcon.colcon_core.package_identification:_identify(src/village_wang) by extensions ['colcon_meta']
[0.312s] Level 1:colcon.colcon_core.package_identification:_identify(src/village_wang) by extension 'colcon_meta'
[0.312s] Level 1:colcon.colcon_core.package_identification:_identify(src/village_wang) by extensions ['ros']
[0.312s] Level 1:colcon.colcon_core.package_identification:_identify(src/village_wang) by extension 'ros'
[0.312s] DEBUG:colcon.colcon_core.package_identification:Package 'src/village_wang' with type 'ros.ament_cmake' and name 'village_wang'
[0.312s] Level 1:colcon.colcon_core.package_discovery:discover_packages(recursive) using defaults
[0.312s] Level 1:colcon.colcon_core.package_discovery:discover_packages(ignore) discover
[0.312s] Level 1:colcon.colcon_core.package_discovery:discover_packages(ignore) using defaults
[0.312s] Level 1:colcon.colcon_core.package_discovery:discover_packages(path) discover
[0.312s] Level 1:colcon.colcon_core.package_discovery:discover_packages(path) using defaults
[0.334s] Level 1:colcon.colcon_core.package_discovery:discover_packages(prefix_path) check parameters
[0.334s] Level 1:colcon.colcon_core.package_discovery:discover_packages(prefix_path) discover
[0.342s] DEBUG:colcon.colcon_installed_package_information.package_discovery:Found 258 installed packages in /opt/ros/foxy
[0.345s] Level 1:colcon.colcon_core.package_discovery:discover_packages(prefix_path) using defaults
[0.412s] Level 5:colcon.colcon_core.verb:set package 'village_li' build argument 'cmake_args' from command line to 'None'
[0.412s] Level 5:colcon.colcon_core.verb:set package 'village_li' build argument 'cmake_target' from command line to 'None'
[0.412s] Level 5:colcon.colcon_core.verb:set package 'village_li' build argument 'cmake_target_skip_unavailable' from command line to 'False'
[0.412s] Level 5:colcon.colcon_core.verb:set package 'village_li' build argument 'cmake_clean_cache' from command line to 'False'
[0.412s] Level 5:colcon.colcon_core.verb:set package 'village_li' build argument 'cmake_clean_first' from command line to 'False'
[0.412s] Level 5:colcon.colcon_core.verb:set package 'village_li' build argument 'cmake_force_configure' from command line to 'False'
[0.412s] Level 5:colcon.colcon_core.verb:set package 'village_li' build argument 'ament_cmake_args' from command line to 'None'
[0.412s] Level 5:colcon.colcon_core.verb:set package 'village_li' build argument 'catkin_cmake_args' from command line to 'None'
[0.412s] Level 5:colcon.colcon_core.verb:set package 'village_li' build argument 'catkin_skip_building_tests' from command line to 'False'
[0.412s] DEBUG:colcon.colcon_core.verb:Building package 'village_li' with the following arguments: {'ament_cmake_args': None, 'build_base': '/home/zhangwencheng/Documents/project/town_ws/build/village_li', 'catkin_cmake_args': None, 'catkin_skip_building_tests': False, 'cmake_args': None, 'cmake_clean_cache': False, 'cmake_clean_first': False, 'cmake_force_configure': False, 'cmake_target': None, 'cmake_target_skip_unavailable': False, 'install_base': '/home/zhangwencheng/Documents/project/town_ws/install/village_li', 'merge_install': False, 'path': '/home/zhangwencheng/Documents/project/town_ws/src/village_li', 'symlink_install': False, 'test_result_base': None}
[0.413s] Level 5:colcon.colcon_core.verb:set package 'village_wang' build argument 'cmake_args' from command line to 'None'
[0.413s] Level 5:colcon.colcon_core.verb:set package 'village_wang' build argument 'cmake_target' from command line to 'None'
[0.413s] Level 5:colcon.colcon_core.verb:set package 'village_wang' build argument 'cmake_target_skip_unavailable' from command line to 'False'
[0.413s] Level 5:colcon.colcon_core.verb:set package 'village_wang' build argument 'cmake_clean_cache' from command line to 'False'
[0.413s] Level 5:colcon.colcon_core.verb:set package 'village_wang' build argument 'cmake_clean_first' from command line to 'False'
[0.413s] Level 5:colcon.colcon_core.verb:set package 'village_wang' build argument 'cmake_force_configure' from command line to 'False'
[0.413s] Level 5:colcon.colcon_core.verb:set package 'village_wang' build argument 'ament_cmake_args' from command line to 'None'
[0.413s] Level 5:colcon.colcon_core.verb:set package 'village_wang' build argument 'catkin_cmake_args' from command line to 'None'
[0.413s] Level 5:colcon.colcon_core.verb:set package 'village_wang' build argument 'catkin_skip_building_tests' from command line to 'False'
[0.413s] DEBUG:colcon.colcon_core.verb:Building package 'village_wang' with the following arguments: {'ament_cmake_args': None, 'build_base': '/home/zhangwencheng/Documents/project/town_ws/build/village_wang', 'catkin_cmake_args': None, 'catkin_skip_building_tests': False, 'cmake_args': None, 'cmake_clean_cache': False, 'cmake_clean_first': False, 'cmake_force_configure': False, 'cmake_target': None, 'cmake_target_skip_unavailable': False, 'install_base': '/home/zhangwencheng/Documents/project/town_ws/install/village_wang', 'merge_install': False, 'path': '/home/zhangwencheng/Documents/project/town_ws/src/village_wang', 'symlink_install': False, 'test_result_base': None}
[0.413s] INFO:colcon.colcon_core.executor:Executing jobs using 'parallel' executor
[0.416s] DEBUG:colcon.colcon_parallel_executor.executor.parallel:run_until_complete
[0.416s] INFO:colcon.colcon_ros.task.ament_python.build:Building ROS package in '/home/zhangwencheng/Documents/project/town_ws/src/village_li' with build type 'ament_python'
[0.416s] Level 1:colcon.colcon_core.shell:create_environment_hook('village_li', 'ament_prefix_path')
[0.420s] INFO:colcon.colcon_core.plugin_system:Skipping extension 'colcon_core.shell.bat': Not used on non-Windows systems
[0.421s] INFO:colcon.colcon_core.shell:Creating environment hook '/home/zhangwencheng/Documents/project/town_ws/install/village_li/share/village_li/hook/ament_prefix_path.ps1'
[0.421s] INFO:colcon.colcon_core.shell:Creating environment descriptor '/home/zhangwencheng/Documents/project/town_ws/install/village_li/share/village_li/hook/ament_prefix_path.dsv'
[0.421s] INFO:colcon.colcon_core.shell:Creating environment hook '/home/zhangwencheng/Documents/project/town_ws/install/village_li/share/village_li/hook/ament_prefix_path.sh'
[0.423s] INFO:colcon.colcon_core.shell:Skip shell extension 'powershell' for command environment: Not usable outside of PowerShell
[0.423s] DEBUG:colcon.colcon_core.shell:Skip shell extension 'dsv' for command environment
[0.426s] INFO:colcon.colcon_ros.task.ament_cmake.build:Building ROS package in '/home/zhangwencheng/Documents/project/town_ws/src/village_wang' with build type 'ament_cmake'
[0.426s] INFO:colcon.colcon_cmake.task.cmake.build:Building CMake package in '/home/zhangwencheng/Documents/project/town_ws/src/village_wang'
[0.427s] INFO:colcon.colcon_core.shell:Skip shell extension 'powershell' for command environment: Not usable outside of PowerShell
[0.427s] DEBUG:colcon.colcon_core.shell:Skip shell extension 'dsv' for command environment
[0.594s] INFO:colcon.colcon_core.task.python.build:Building Python package in '/home/zhangwencheng/Documents/project/town_ws/src/village_li'
[0.595s] INFO:colcon.colcon_core.shell:Skip shell extension 'powershell' for command environment: Not usable outside of PowerShell
[0.595s] DEBUG:colcon.colcon_core.shell:Skip shell extension 'dsv' for command environment
[0.601s] DEBUG:colcon.colcon_core.event_handler.log_command:Invoking command in '/home/zhangwencheng/Documents/project/town_ws/build/village_wang': CMAKE_PREFIX_PATH=/opt/ros/foxy /usr/bin/cmake --build /home/zhangwencheng/Documents/project/town_ws/build/village_wang -- -j12 -l12
[0.689s] DEBUG:colcon.colcon_core.event_handler.log_command:Invoked command in '/home/zhangwencheng/Documents/project/town_ws/build/village_wang' returned '0': CMAKE_PREFIX_PATH=/opt/ros/foxy /usr/bin/cmake --build /home/zhangwencheng/Documents/project/town_ws/build/village_wang -- -j12 -l12
[0.713s] DEBUG:colcon.colcon_core.event_handler.log_command:Invoking command in '/home/zhangwencheng/Documents/project/town_ws/build/village_wang': CMAKE_PREFIX_PATH=/opt/ros/foxy /usr/bin/cmake --install /home/zhangwencheng/Documents/project/town_ws/build/village_wang
[0.722s] Level 1:colcon.colcon_core.environment:create_environment_scripts_only(village_wang)
[0.723s] DEBUG:colcon.colcon_core.event_handler.log_command:Invoked command in '/home/zhangwencheng/Documents/project/town_ws/build/village_wang' returned '0': CMAKE_PREFIX_PATH=/opt/ros/foxy /usr/bin/cmake --install /home/zhangwencheng/Documents/project/town_ws/build/village_wang
[0.728s] Level 1:colcon.colcon_core.environment:checking '/home/zhangwencheng/Documents/project/town_ws/install/village_wang' for CMake module files
[0.728s] Level 1:colcon.colcon_core.environment:checking '/home/zhangwencheng/Documents/project/town_ws/install/village_wang' for CMake config files
[0.728s] Level 1:colcon.colcon_core.shell:create_environment_hook('village_wang', 'cmake_prefix_path')
[0.729s] INFO:colcon.colcon_core.shell:Creating environment hook '/home/zhangwencheng/Documents/project/town_ws/install/village_wang/share/village_wang/hook/cmake_prefix_path.ps1'
[0.730s] INFO:colcon.colcon_core.shell:Creating environment descriptor '/home/zhangwencheng/Documents/project/town_ws/install/village_wang/share/village_wang/hook/cmake_prefix_path.dsv'
[0.730s] INFO:colcon.colcon_core.shell:Creating environment hook '/home/zhangwencheng/Documents/project/town_ws/install/village_wang/share/village_wang/hook/cmake_prefix_path.sh'
[0.731s] Level 1:colcon.colcon_core.environment:checking '/home/zhangwencheng/Documents/project/town_ws/install/village_wang/lib'
[0.731s] Level 1:colcon.colcon_core.environment:checking '/home/zhangwencheng/Documents/project/town_ws/install/village_wang/bin'
[0.731s] Level 1:colcon.colcon_core.environment:checking '/home/zhangwencheng/Documents/project/town_ws/install/village_wang/lib/pkgconfig/village_wang.pc'
[0.731s] Level 1:colcon.colcon_core.environment:checking '/home/zhangwencheng/Documents/project/town_ws/install/village_wang/lib/python3.8/site-packages'
[0.731s] Level 1:colcon.colcon_core.environment:checking '/home/zhangwencheng/Documents/project/town_ws/install/village_wang/bin'
[0.732s] INFO:colcon.colcon_core.shell:Creating package script '/home/zhangwencheng/Documents/project/town_ws/install/village_wang/share/village_wang/package.ps1'
[0.733s] INFO:colcon.colcon_core.shell:Creating package descriptor '/home/zhangwencheng/Documents/project/town_ws/install/village_wang/share/village_wang/package.dsv'
[0.733s] INFO:colcon.colcon_core.shell:Creating package script '/home/zhangwencheng/Documents/project/town_ws/install/village_wang/share/village_wang/package.sh'
[0.734s] INFO:colcon.colcon_core.shell:Creating package script '/home/zhangwencheng/Documents/project/town_ws/install/village_wang/share/village_wang/package.bash'
[0.734s] INFO:colcon.colcon_core.shell:Creating package script '/home/zhangwencheng/Documents/project/town_ws/install/village_wang/share/village_wang/package.zsh'
[0.735s] Level 1:colcon.colcon_core.environment:create_file_with_runtime_dependencies(/home/zhangwencheng/Documents/project/town_ws/install/village_wang/share/colcon-core/packages/village_wang)
[0.750s] Level 1:colcon.colcon_core.environment:create_environment_scripts_only(village_wang)
[0.752s] Level 1:colcon.colcon_core.environment:checking '/home/zhangwencheng/Documents/project/town_ws/install/village_wang' for CMake module files
[0.752s] Level 1:colcon.colcon_core.environment:checking '/home/zhangwencheng/Documents/project/town_ws/install/village_wang' for CMake config files
[0.752s] Level 1:colcon.colcon_core.shell:create_environment_hook('village_wang', 'cmake_prefix_path')
[0.753s] INFO:colcon.colcon_core.shell:Creating environment hook '/home/zhangwencheng/Documents/project/town_ws/install/village_wang/share/village_wang/hook/cmake_prefix_path.ps1'
[0.753s] INFO:colcon.colcon_core.shell:Creating environment descriptor '/home/zhangwencheng/Documents/project/town_ws/install/village_wang/share/village_wang/hook/cmake_prefix_path.dsv'
[0.754s] INFO:colcon.colcon_core.shell:Creating environment hook '/home/zhangwencheng/Documents/project/town_ws/install/village_wang/share/village_wang/hook/cmake_prefix_path.sh'
[0.754s] Level 1:colcon.colcon_core.environment:checking '/home/zhangwencheng/Documents/project/town_ws/install/village_wang/lib'
[0.754s] Level 1:colcon.colcon_core.environment:checking '/home/zhangwencheng/Documents/project/town_ws/install/village_wang/bin'
[0.754s] Level 1:colcon.colcon_core.environment:checking '/home/zhangwencheng/Documents/project/town_ws/install/village_wang/lib/pkgconfig/village_wang.pc'
[0.754s] Level 1:colcon.colcon_core.environment:checking '/home/zhangwencheng/Documents/project/town_ws/install/village_wang/lib/python3.8/site-packages'
[0.754s] Level 1:colcon.colcon_core.environment:checking '/home/zhangwencheng/Documents/project/town_ws/install/village_wang/bin'
[0.756s] INFO:colcon.colcon_core.shell:Creating package script '/home/zhangwencheng/Documents/project/town_ws/install/village_wang/share/village_wang/package.ps1'
[0.756s] INFO:colcon.colcon_core.shell:Creating package descriptor '/home/zhangwencheng/Documents/project/town_ws/install/village_wang/share/village_wang/package.dsv'
[0.756s] INFO:colcon.colcon_core.shell:Creating package script '/home/zhangwencheng/Documents/project/town_ws/install/village_wang/share/village_wang/package.sh'
[0.757s] INFO:colcon.colcon_core.shell:Creating package script '/home/zhangwencheng/Documents/project/town_ws/install/village_wang/share/village_wang/package.bash'
[0.757s] INFO:colcon.colcon_core.shell:Creating package script '/home/zhangwencheng/Documents/project/town_ws/install/village_wang/share/village_wang/package.zsh'
[0.757s] Level 1:colcon.colcon_core.environment:create_file_with_runtime_dependencies(/home/zhangwencheng/Documents/project/town_ws/install/village_wang/share/colcon-core/packages/village_wang)
[0.909s] DEBUG:colcon.colcon_core.event_handler.log_command:Invoking command in '/home/zhangwencheng/Documents/project/town_ws/src/village_li': PYTHONPATH=/home/zhangwencheng/Documents/project/town_ws/build/village_li/prefix_override:/home/zhangwencheng/Documents/project/town_ws/install/village_li/lib/python3.8/site-packages:${PYTHONPATH} /usr/bin/python3 setup.py egg_info --egg-base ../../build/village_li build --build-base /home/zhangwencheng/Documents/project/town_ws/build/village_li/build install --record /home/zhangwencheng/Documents/project/town_ws/build/village_li/install.log --install-scripts $base/lib/village_li --single-version-externally-managed
[1.121s] Level 1:colcon.colcon_core.environment:checking '/home/zhangwencheng/Documents/project/town_ws/install/village_li' for CMake module files
[1.121s] DEBUG:colcon.colcon_core.event_handler.log_command:Invoked command in '/home/zhangwencheng/Documents/project/town_ws/src/village_li' returned '0': PYTHONPATH=/home/zhangwencheng/Documents/project/town_ws/build/village_li/prefix_override:/home/zhangwencheng/Documents/project/town_ws/install/village_li/lib/python3.8/site-packages:${PYTHONPATH} /usr/bin/python3 setup.py egg_info --egg-base ../../build/village_li build --build-base /home/zhangwencheng/Documents/project/town_ws/build/village_li/build install --record /home/zhangwencheng/Documents/project/town_ws/build/village_li/install.log --install-scripts $base/lib/village_li --single-version-externally-managed
[1.121s] Level 1:colcon.colcon_core.environment:checking '/home/zhangwencheng/Documents/project/town_ws/install/village_li' for CMake config files
[1.122s] Level 1:colcon.colcon_core.environment:checking '/home/zhangwencheng/Documents/project/town_ws/install/village_li/lib'
[1.122s] Level 1:colcon.colcon_core.environment:checking '/home/zhangwencheng/Documents/project/town_ws/install/village_li/bin'
[1.122s] Level 1:colcon.colcon_core.environment:checking '/home/zhangwencheng/Documents/project/town_ws/install/village_li/lib/pkgconfig/village_li.pc'
[1.122s] Level 1:colcon.colcon_core.environment:checking '/home/zhangwencheng/Documents/project/town_ws/install/village_li/lib/python3.8/site-packages'
[1.122s] Level 1:colcon.colcon_core.shell:create_environment_hook('village_li', 'pythonpath')
[1.124s] INFO:colcon.colcon_core.shell:Creating environment hook '/home/zhangwencheng/Documents/project/town_ws/install/village_li/share/village_li/hook/pythonpath.ps1'
[1.124s] INFO:colcon.colcon_core.shell:Creating environment descriptor '/home/zhangwencheng/Documents/project/town_ws/install/village_li/share/village_li/hook/pythonpath.dsv'
[1.124s] INFO:colcon.colcon_core.shell:Creating environment hook '/home/zhangwencheng/Documents/project/town_ws/install/village_li/share/village_li/hook/pythonpath.sh'
[1.125s] Level 1:colcon.colcon_core.environment:checking '/home/zhangwencheng/Documents/project/town_ws/install/village_li/bin'
[1.125s] Level 1:colcon.colcon_core.environment:create_environment_scripts_only(village_li)
[1.126s] INFO:colcon.colcon_core.shell:Creating package script '/home/zhangwencheng/Documents/project/town_ws/install/village_li/share/village_li/package.ps1'
[1.126s] INFO:colcon.colcon_core.shell:Creating package descriptor '/home/zhangwencheng/Documents/project/town_ws/install/village_li/share/village_li/package.dsv'
[1.127s] INFO:colcon.colcon_core.shell:Creating package script '/home/zhangwencheng/Documents/project/town_ws/install/village_li/share/village_li/package.sh'
[1.127s] INFO:colcon.colcon_core.shell:Creating package script '/home/zhangwencheng/Documents/project/town_ws/install/village_li/share/village_li/package.bash'
[1.127s] INFO:colcon.colcon_core.shell:Creating package script '/home/zhangwencheng/Documents/project/town_ws/install/village_li/share/village_li/package.zsh'
[1.127s] Level 1:colcon.colcon_core.environment:create_file_with_runtime_dependencies(/home/zhangwencheng/Documents/project/town_ws/install/village_li/share/colcon-core/packages/village_li)
[1.128s] DEBUG:colcon.colcon_parallel_executor.executor.parallel:closing loop
[1.128s] DEBUG:colcon.colcon_parallel_executor.executor.parallel:loop closed
[1.128s] DEBUG:colcon.colcon_parallel_executor.executor.parallel:run_until_complete finished with '0'
[1.128s] DEBUG:colcon.colcon_core.event_reactor:joining thread
[1.134s] INFO:colcon.colcon_core.plugin_system:Skipping extension 'colcon_notification.desktop_notification.terminal_notifier': Not used on non-Darwin systems
[1.134s] INFO:colcon.colcon_core.plugin_system:Skipping extension 'colcon_notification.desktop_notification.win32': Not used on non-Windows systems
[1.134s] INFO:colcon.colcon_notification.desktop_notification:Sending desktop notification using 'notify2'
[1.146s] DEBUG:colcon.colcon_core.event_reactor:joined thread
[1.147s] INFO:colcon.colcon_core.shell:Creating prefix script '/home/zhangwencheng/Documents/project/town_ws/install/local_setup.ps1'
[1.148s] INFO:colcon.colcon_core.shell:Creating prefix util module '/home/zhangwencheng/Documents/project/town_ws/install/_local_setup_util_ps1.py'
[1.149s] INFO:colcon.colcon_core.shell:Creating prefix chain script '/home/zhangwencheng/Documents/project/town_ws/install/setup.ps1'
[1.149s] INFO:colcon.colcon_core.shell:Creating prefix script '/home/zhangwencheng/Documents/project/town_ws/install/local_setup.sh'
[1.150s] INFO:colcon.colcon_core.shell:Creating prefix util module '/home/zhangwencheng/Documents/project/town_ws/install/_local_setup_util_sh.py'
[1.150s] INFO:colcon.colcon_core.shell:Creating prefix chain script '/home/zhangwencheng/Documents/project/town_ws/install/setup.sh'
[1.151s] INFO:colcon.colcon_core.shell:Creating prefix script '/home/zhangwencheng/Documents/project/town_ws/install/local_setup.bash'
[1.151s] INFO:colcon.colcon_core.shell:Creating prefix chain script '/home/zhangwencheng/Documents/project/town_ws/install/setup.bash'
[1.152s] INFO:colcon.colcon_core.shell:Creating prefix script '/home/zhangwencheng/Documents/project/town_ws/install/local_setup.zsh'
[1.153s] INFO:colcon.colcon_core.shell:Creating prefix chain script '/home/zhangwencheng/Documents/project/town_ws/install/setup.zsh'
