[01m[K/home/zhangwencheng/Documents/project/town_ws/src/village_wang/src/wang2.cpp:[m[K In function ‘[01m[Kint main(int, char**)[m[K’:
[01m[K/home/zhangwencheng/Documents/project/town_ws/src/village_wang/src/wang2.cpp:5:55:[m[K [01;31m[Kerror: [m[Kconversion from ‘[01m[Kstd::shared_ptr<rclcpp::Node>[m[K’ to non-scalar type ‘[01m[Krclcpp::Node[m[K’ requested
    5 |     rclcpp::Node node = [01;31m[Kstd::make_shared<rclcpp::Node>("wang2")[m[K;
      |                         [01;31m[K~~~~~~~~~~~~~~~~~~~~~~~~~~~~~~^~~~~~~~~[m[K
In file included from [01m[K/opt/ros/foxy/include/rclcpp/service.hpp:34[m[K,
                 from [01m[K/opt/ros/foxy/include/rclcpp/callback_group.hpp:25[m[K,
                 from [01m[K/opt/ros/foxy/include/rclcpp/any_executable.hpp:20[m[K,
                 from [01m[K/opt/ros/foxy/include/rclcpp/memory_strategy.hpp:24[m[K,
                 from [01m[K/opt/ros/foxy/include/rclcpp/memory_strategies.hpp:18[m[K,
                 from [01m[K/opt/ros/foxy/include/rclcpp/executor_options.hpp:20[m[K,
                 from [01m[K/opt/ros/foxy/include/rclcpp/executor.hpp:33[m[K,
                 from [01m[K/opt/ros/foxy/include/rclcpp/executors/multi_threaded_executor.hpp:26[m[K,
                 from [01m[K/opt/ros/foxy/include/rclcpp/executors.hpp:21[m[K,
                 from [01m[K/opt/ros/foxy/include/rclcpp/rclcpp.hpp:146[m[K,
                 from [01m[K/home/zhangwencheng/Documents/project/town_ws/src/village_wang/src/wang2.cpp:1[m[K:
[01m[K/home/zhangwencheng/Documents/project/town_ws/src/village_wang/src/wang2.cpp:6:21:[m[K [01;31m[Kerror: [m[Kbase operand of ‘[01m[K->[m[K’ has non-pointer type ‘[01m[Krclcpp::Node[m[K’
    6 |     RCLCPP_INFO(node[01;31m[K->[m[Kget_logger(), "大家好，我是王二");
      |                     [01;31m[K^~[m[K
[01m[K/home/zhangwencheng/Documents/project/town_ws/src/village_wang/src/wang2.cpp:6:21:[m[K [01;31m[Kerror: [m[Kbase operand of ‘[01m[K->[m[K’ has non-pointer type ‘[01m[Krclcpp::Node[m[K’
[01m[K/home/zhangwencheng/Documents/project/town_ws/src/village_wang/src/wang2.cpp:6:5:[m[K [01;31m[Kerror: [m[Ktemplate argument 1 is invalid
    6 |     [01;31m[KRCLCPP_INFO[m[K(node->get_logger(), "大家好，我是王二");
      |     [01;31m[K^~~~~~~~~~~[m[K
[01m[K/home/zhangwencheng/Documents/project/town_ws/src/village_wang/src/wang2.cpp:6:5:[m[K [01;31m[Kerror: [m[Ktemplate argument 1 is invalid
    6 |     [01;31m[KRCLCPP_INFO[m[K(node->get_logger(), "大家好，我是王二");
      |     [01;31m[K^~~~~~~~~~~[m[K
[01m[K/home/zhangwencheng/Documents/project/town_ws/src/village_wang/src/wang2.cpp:6:5:[m[K [01;31m[Kerror: [m[Ktemplate argument 1 is invalid
    6 |     [01;31m[KRCLCPP_INFO[m[K(node->get_logger(), "大家好，我是王二");
      |     [01;31m[K^~~~~~~~~~~[m[K
In file included from [01m[K/opt/ros/foxy/include/rclcpp/client.hpp:40[m[K,
                 from [01m[K/opt/ros/foxy/include/rclcpp/callback_group.hpp:23[m[K,
                 from [01m[K/opt/ros/foxy/include/rclcpp/any_executable.hpp:20[m[K,
                 from [01m[K/opt/ros/foxy/include/rclcpp/memory_strategy.hpp:24[m[K,
                 from [01m[K/opt/ros/foxy/include/rclcpp/memory_strategies.hpp:18[m[K,
                 from [01m[K/opt/ros/foxy/include/rclcpp/executor_options.hpp:20[m[K,
                 from [01m[K/opt/ros/foxy/include/rclcpp/executor.hpp:33[m[K,
                 from [01m[K/opt/ros/foxy/include/rclcpp/executors/multi_threaded_executor.hpp:26[m[K,
                 from [01m[K/opt/ros/foxy/include/rclcpp/executors.hpp:21[m[K,
                 from [01m[K/opt/ros/foxy/include/rclcpp/rclcpp.hpp:146[m[K,
                 from [01m[K/home/zhangwencheng/Documents/project/town_ws/src/village_wang/src/wang2.cpp:1[m[K:
[01m[K/home/zhangwencheng/Documents/project/town_ws/src/village_wang/src/wang2.cpp:6:21:[m[K [01;31m[Kerror: [m[Kbase operand of ‘[01m[K->[m[K’ has non-pointer type ‘[01m[Krclcpp::Node[m[K’
    6 |     RCLCPP_INFO(node[01;31m[K->[m[Kget_logger(), "大家好，我是王二");
      |                     [01;31m[K^~[m[K
[01m[K/home/zhangwencheng/Documents/project/town_ws/src/village_wang/src/wang2.cpp:6:21:[m[K [01;31m[Kerror: [m[Kbase operand of ‘[01m[K->[m[K’ has non-pointer type ‘[01m[Krclcpp::Node[m[K’
    6 |     RCLCPP_INFO(node[01;31m[K->[m[Kget_logger(), "大家好，我是王二");
      |                     [01;31m[K^~[m[K
[01m[K/home/zhangwencheng/Documents/project/town_ws/src/village_wang/src/wang2.cpp:7:22:[m[K [01;31m[Kerror: [m[Kno matching function for call to ‘[01m[Kspin(rclcpp::Node&)[m[K’
    7 |     rclcpp::spin(node[01;31m[K)[m[K;
      |                      [01;31m[K^[m[K
In file included from [01m[K/opt/ros/foxy/include/rclcpp/rclcpp.hpp:146[m[K,
                 from [01m[K/home/zhangwencheng/Documents/project/town_ws/src/village_wang/src/wang2.cpp:1[m[K:
[01m[K/opt/ros/foxy/include/rclcpp/executors.hpp:45:1:[m[K [01;36m[Knote: [m[Kcandidate: ‘[01m[Kvoid rclcpp::spin(rclcpp::node_interfaces::NodeBaseInterface::SharedPtr)[m[K’
   45 | [01;36m[Kspin[m[K(rclcpp::node_interfaces::NodeBaseInterface::SharedPtr node_ptr);
      | [01;36m[K^~~~[m[K
[01m[K/opt/ros/foxy/include/rclcpp/executors.hpp:45:60:[m[K [01;36m[Knote: [m[K  no known conversion for argument 1 from ‘[01m[Krclcpp::Node[m[K’ to ‘[01m[Krclcpp::node_interfaces::NodeBaseInterface::SharedPtr[m[K’ {aka ‘[01m[Kstd::shared_ptr<rclcpp::node_interfaces::NodeBaseInterface>[m[K’}
   45 | pin([01;36m[Krclcpp::node_interfaces::NodeBaseInterface::SharedPtr node_ptr[m[K);
      |     [01;36m[K~~~~~~~~~~~~~~~~~~~~~~~~~~~~~~~~~~~~~~~~~~~~~~~~~~~~~~^~~~~~~~[m[K

[01m[K/opt/ros/foxy/include/rclcpp/executors.hpp:49:1:[m[K [01;36m[Knote: [m[Kcandidate: ‘[01m[Kvoid rclcpp::spin(rclcpp::Node::SharedPtr)[m[K’
   49 | [01;36m[Kspin[m[K(rclcpp::Node::SharedPtr node_ptr);
      | [01;36m[K^~~~[m[K
[01m[K/opt/ros/foxy/include/rclcpp/executors.hpp:49:30:[m[K [01;36m[Knote: [m[K  no known conversion for argument 1 from ‘[01m[Krclcpp::Node[m[K’ to ‘[01m[Krclcpp::Node::SharedPtr[m[K’ {aka ‘[01m[Kstd::shared_ptr<rclcpp::Node>[m[K’}
   49 | spin([01;36m[Krclcpp::Node::SharedPtr node_ptr[m[K);
      |      [01;36m[K~~~~~~~~~~~~~~~~~~~~~~~~^~~~~~~~[m[K
make[2]: *** [CMakeFiles/wang2_node.dir/build.make:63: CMakeFiles/wang2_node.dir/src/wang2.cpp.o] Error 1
make[1]: *** [CMakeFiles/Makefile2:78: CMakeFiles/wang2_node.dir/all] Error 2
make: *** [Makefile:141: all] Error 2
