[0.235s] DEBUG:colcon:Command line arguments: ['/usr/bin/colcon', 'build']
[0.235s] DEBUG:colcon:Parsed command line arguments: Namespace(allow_overriding=[], ament_cmake_args=None, base_paths=['.'], build_base='build', catkin_cmake_args=None, catkin_skip_building_tests=False, cmake_args=None, cmake_clean_cache=False, cmake_clean_first=False, cmake_force_configure=False, cmake_target=None, cmake_target_skip_unavailable=False, continue_on_error=False, event_handlers=None, executor='parallel', ignore_user_meta=False, install_base='install', log_base=None, log_level=None, main=<bound method BuildVerb.main of <colcon_core.verb.build.BuildVerb object at 0x7ff86dfdd6d0>>, merge_install=False, metas=['./colcon.meta'], packages_above=None, packages_above_and_dependencies=None, packages_above_depth=None, packages_end=None, packages_ignore=None, packages_ignore_regex=None, packages_select=None, packages_select_build_failed=False, packages_select_by_dep=None, packages_select_regex=None, packages_select_test_failures=False, packages_skip=None, packages_skip_build_finished=False, packages_skip_by_dep=None, packages_skip_regex=None, packages_skip_test_passed=False, packages_skip_up_to=None, packages_start=None, packages_up_to=None, packages_up_to_regex=None, parallel_workers=12, paths=None, symlink_install=False, test_result_base=None, verb_extension=<colcon_core.verb.build.BuildVerb object at 0x7ff86dfdd6d0>, verb_name='build', verb_parser=<colcon_defaults.argument_parser.defaults.DefaultArgumentsDecorator object at 0x7ff86dfddc10>)
[0.267s] Level 1:colcon.colcon_core.package_discovery:discover_packages(colcon_meta) check parameters
[0.267s] Level 1:colcon.colcon_core.package_discovery:discover_packages(recursive) check parameters
[0.267s] Level 1:colcon.colcon_core.package_discovery:discover_packages(ignore) check parameters
[0.267s] Level 1:colcon.colcon_core.package_discovery:discover_packages(path) check parameters
[0.267s] Level 1:colcon.colcon_core.package_discovery:discover_packages(colcon_meta) discover
[0.267s] Level 1:colcon.colcon_core.package_discovery:discover_packages(recursive) discover
[0.267s] INFO:colcon.colcon_core.package_discovery:Crawling recursively for packages in '/home/zhangwencheng/Documents/project/town_ws'
[0.267s] Level 1:colcon.colcon_core.package_identification:_identify(.) by extensions ['ignore', 'ignore_ament_install']
[0.268s] Level 1:colcon.colcon_core.package_identification:_identify(.) by extension 'ignore'
[0.268s] Level 1:colcon.colcon_core.package_identification:_identify(.) by extension 'ignore_ament_install'
[0.268s] Level 1:colcon.colcon_core.package_identification:_identify(.) by extensions ['colcon_pkg']
[0.268s] Level 1:colcon.colcon_core.package_identification:_identify(.) by extension 'colcon_pkg'
[0.268s] Level 1:colcon.colcon_core.package_identification:_identify(.) by extensions ['colcon_meta']
[0.268s] Level 1:colcon.colcon_core.package_identification:_identify(.) by extension 'colcon_meta'
[0.268s] Level 1:colcon.colcon_core.package_identification:_identify(.) by extensions ['ros']
[0.268s] Level 1:colcon.colcon_core.package_identification:_identify(.) by extension 'ros'
[0.288s] Level 1:colcon.colcon_core.package_identification:_identify(.) by extensions ['cmake', 'python']
[0.288s] Level 1:colcon.colcon_core.package_identification:_identify(.) by extension 'cmake'
[0.288s] Level 1:colcon.colcon_core.package_identification:_identify(.) by extension 'python'
[0.288s] Level 1:colcon.colcon_core.package_identification:_identify(.) by extensions ['python_setup_py']
[0.288s] Level 1:colcon.colcon_core.package_identification:_identify(.) by extension 'python_setup_py'
[0.288s] Level 1:colcon.colcon_core.package_identification:_identify(build) by extensions ['ignore', 'ignore_ament_install']
[0.288s] Level 1:colcon.colcon_core.package_identification:_identify(build) by extension 'ignore'
[0.288s] Level 1:colcon.colcon_core.package_identification:_identify(build) ignored
[0.289s] Level 1:colcon.colcon_core.package_identification:_identify(install) by extensions ['ignore', 'ignore_ament_install']
[0.289s] Level 1:colcon.colcon_core.package_identification:_identify(install) by extension 'ignore'
[0.289s] Level 1:colcon.colcon_core.package_identification:_identify(install) ignored
[0.289s] Level 1:colcon.colcon_core.package_identification:_identify(log) by extensions ['ignore', 'ignore_ament_install']
[0.289s] Level 1:colcon.colcon_core.package_identification:_identify(log) by extension 'ignore'
[0.289s] Level 1:colcon.colcon_core.package_identification:_identify(log) ignored
[0.289s] Level 1:colcon.colcon_core.package_identification:_identify(src) by extensions ['ignore', 'ignore_ament_install']
[0.289s] Level 1:colcon.colcon_core.package_identification:_identify(src) by extension 'ignore'
[0.289s] Level 1:colcon.colcon_core.package_identification:_identify(src) by extension 'ignore_ament_install'
[0.289s] Level 1:colcon.colcon_core.package_identification:_identify(src) by extensions ['colcon_pkg']
[0.289s] Level 1:colcon.colcon_core.package_identification:_identify(src) by extension 'colcon_pkg'
[0.289s] Level 1:colcon.colcon_core.package_identification:_identify(src) by extensions ['colcon_meta']
[0.289s] Level 1:colcon.colcon_core.package_identification:_identify(src) by extension 'colcon_meta'
[0.289s] Level 1:colcon.colcon_core.package_identification:_identify(src) by extensions ['ros']
[0.289s] Level 1:colcon.colcon_core.package_identification:_identify(src) by extension 'ros'
[0.290s] Level 1:colcon.colcon_core.package_identification:_identify(src) by extensions ['cmake', 'python']
[0.290s] Level 1:colcon.colcon_core.package_identification:_identify(src) by extension 'cmake'
[0.290s] Level 1:colcon.colcon_core.package_identification:_identify(src) by extension 'python'
[0.290s] Level 1:colcon.colcon_core.package_identification:_identify(src) by extensions ['python_setup_py']
[0.290s] Level 1:colcon.colcon_core.package_identification:_identify(src) by extension 'python_setup_py'
[0.290s] Level 1:colcon.colcon_core.package_identification:_identify(src/village_li) by extensions ['ignore', 'ignore_ament_install']
[0.290s] Level 1:colcon.colcon_core.package_identification:_identify(src/village_li) by extension 'ignore'
[0.290s] Level 1:colcon.colcon_core.package_identification:_identify(src/village_li) by extension 'ignore_ament_install'
[0.290s] Level 1:colcon.colcon_core.package_identification:_identify(src/village_li) by extensions ['colcon_pkg']
[0.290s] Level 1:colcon.colcon_core.package_identification:_identify(src/village_li) by extension 'colcon_pkg'
[0.290s] Level 1:colcon.colcon_core.package_identification:_identify(src/village_li) by extensions ['colcon_meta']
[0.290s] Level 1:colcon.colcon_core.package_identification:_identify(src/village_li) by extension 'colcon_meta'
[0.290s] Level 1:colcon.colcon_core.package_identification:_identify(src/village_li) by extensions ['ros']
[0.290s] Level 1:colcon.colcon_core.package_identification:_identify(src/village_li) by extension 'ros'
[0.292s] DEBUG:colcon.colcon_core.package_identification:Package 'src/village_li' with type 'ros.ament_python' and name 'village_li'
[0.292s] Level 1:colcon.colcon_core.package_identification:_identify(src/village_wang) by extensions ['ignore', 'ignore_ament_install']
[0.292s] Level 1:colcon.colcon_core.package_identification:_identify(src/village_wang) by extension 'ignore'
[0.292s] Level 1:colcon.colcon_core.package_identification:_identify(src/village_wang) by extension 'ignore_ament_install'
[0.292s] Level 1:colcon.colcon_core.package_identification:_identify(src/village_wang) by extensions ['colcon_pkg']
[0.292s] Level 1:colcon.colcon_core.package_identification:_identify(src/village_wang) by extension 'colcon_pkg'
[0.292s] Level 1:colcon.colcon_core.package_identification:_identify(src/village_wang) by extensions ['colcon_meta']
[0.292s] Level 1:colcon.colcon_core.package_identification:_identify(src/village_wang) by extension 'colcon_meta'
[0.292s] Level 1:colcon.colcon_core.package_identification:_identify(src/village_wang) by extensions ['ros']
[0.292s] Level 1:colcon.colcon_core.package_identification:_identify(src/village_wang) by extension 'ros'
[0.293s] DEBUG:colcon.colcon_core.package_identification:Package 'src/village_wang' with type 'ros.ament_cmake' and name 'village_wang'
[0.293s] Level 1:colcon.colcon_core.package_discovery:discover_packages(recursive) using defaults
[0.293s] Level 1:colcon.colcon_core.package_discovery:discover_packages(ignore) discover
[0.293s] Level 1:colcon.colcon_core.package_discovery:discover_packages(ignore) using defaults
[0.293s] Level 1:colcon.colcon_core.package_discovery:discover_packages(path) discover
[0.293s] Level 1:colcon.colcon_core.package_discovery:discover_packages(path) using defaults
[0.308s] Level 1:colcon.colcon_core.package_discovery:discover_packages(prefix_path) check parameters
[0.308s] Level 1:colcon.colcon_core.package_discovery:discover_packages(prefix_path) discover
[0.310s] DEBUG:colcon.colcon_installed_package_information.package_discovery:Found 2 installed packages in /home/zhangwencheng/Documents/project/town_ws/install
[0.312s] DEBUG:colcon.colcon_installed_package_information.package_discovery:Found 258 installed packages in /opt/ros/foxy
[0.313s] Level 1:colcon.colcon_core.package_discovery:discover_packages(prefix_path) using defaults
[0.387s] Level 5:colcon.colcon_core.verb:set package 'village_li' build argument 'cmake_args' from command line to 'None'
[0.387s] Level 5:colcon.colcon_core.verb:set package 'village_li' build argument 'cmake_target' from command line to 'None'
[0.387s] Level 5:colcon.colcon_core.verb:set package 'village_li' build argument 'cmake_target_skip_unavailable' from command line to 'False'
[0.387s] Level 5:colcon.colcon_core.verb:set package 'village_li' build argument 'cmake_clean_cache' from command line to 'False'
[0.387s] Level 5:colcon.colcon_core.verb:set package 'village_li' build argument 'cmake_clean_first' from command line to 'False'
[0.387s] Level 5:colcon.colcon_core.verb:set package 'village_li' build argument 'cmake_force_configure' from command line to 'False'
[0.387s] Level 5:colcon.colcon_core.verb:set package 'village_li' build argument 'ament_cmake_args' from command line to 'None'
[0.387s] Level 5:colcon.colcon_core.verb:set package 'village_li' build argument 'catkin_cmake_args' from command line to 'None'
[0.387s] Level 5:colcon.colcon_core.verb:set package 'village_li' build argument 'catkin_skip_building_tests' from command line to 'False'
[0.387s] DEBUG:colcon.colcon_core.verb:Building package 'village_li' with the following arguments: {'ament_cmake_args': None, 'build_base': '/home/zhangwencheng/Documents/project/town_ws/build/village_li', 'catkin_cmake_args': None, 'catkin_skip_building_tests': False, 'cmake_args': None, 'cmake_clean_cache': False, 'cmake_clean_first': False, 'cmake_force_configure': False, 'cmake_target': None, 'cmake_target_skip_unavailable': False, 'install_base': '/home/zhangwencheng/Documents/project/town_ws/install/village_li', 'merge_install': False, 'path': '/home/zhangwencheng/Documents/project/town_ws/src/village_li', 'symlink_install': False, 'test_result_base': None}
[0.388s] Level 5:colcon.colcon_core.verb:set package 'village_wang' build argument 'cmake_args' from command line to 'None'
[0.388s] Level 5:colcon.colcon_core.verb:set package 'village_wang' build argument 'cmake_target' from command line to 'None'
[0.388s] Level 5:colcon.colcon_core.verb:set package 'village_wang' build argument 'cmake_target_skip_unavailable' from command line to 'False'
[0.388s] Level 5:colcon.colcon_core.verb:set package 'village_wang' build argument 'cmake_clean_cache' from command line to 'False'
[0.388s] Level 5:colcon.colcon_core.verb:set package 'village_wang' build argument 'cmake_clean_first' from command line to 'False'
[0.388s] Level 5:colcon.colcon_core.verb:set package 'village_wang' build argument 'cmake_force_configure' from command line to 'False'
[0.388s] Level 5:colcon.colcon_core.verb:set package 'village_wang' build argument 'ament_cmake_args' from command line to 'None'
[0.388s] Level 5:colcon.colcon_core.verb:set package 'village_wang' build argument 'catkin_cmake_args' from command line to 'None'
[0.388s] Level 5:colcon.colcon_core.verb:set package 'village_wang' build argument 'catkin_skip_building_tests' from command line to 'False'
[0.388s] DEBUG:colcon.colcon_core.verb:Building package 'village_wang' with the following arguments: {'ament_cmake_args': None, 'build_base': '/home/zhangwencheng/Documents/project/town_ws/build/village_wang', 'catkin_cmake_args': None, 'catkin_skip_building_tests': False, 'cmake_args': None, 'cmake_clean_cache': False, 'cmake_clean_first': False, 'cmake_force_configure': False, 'cmake_target': None, 'cmake_target_skip_unavailable': False, 'install_base': '/home/zhangwencheng/Documents/project/town_ws/install/village_wang', 'merge_install': False, 'path': '/home/zhangwencheng/Documents/project/town_ws/src/village_wang', 'symlink_install': False, 'test_result_base': None}
[0.388s] INFO:colcon.colcon_core.executor:Executing jobs using 'parallel' executor
[0.391s] DEBUG:colcon.colcon_parallel_executor.executor.parallel:run_until_complete
[0.391s] INFO:colcon.colcon_ros.task.ament_python.build:Building ROS package in '/home/zhangwencheng/Documents/project/town_ws/src/village_li' with build type 'ament_python'
[0.391s] Level 1:colcon.colcon_core.shell:create_environment_hook('village_li', 'ament_prefix_path')
[0.395s] INFO:colcon.colcon_core.plugin_system:Skipping extension 'colcon_core.shell.bat': Not used on non-Windows systems
[0.395s] INFO:colcon.colcon_core.shell:Creating environment hook '/home/zhangwencheng/Documents/project/town_ws/install/village_li/share/village_li/hook/ament_prefix_path.ps1'
[0.396s] INFO:colcon.colcon_core.shell:Creating environment descriptor '/home/zhangwencheng/Documents/project/town_ws/install/village_li/share/village_li/hook/ament_prefix_path.dsv'
[0.396s] INFO:colcon.colcon_core.shell:Creating environment hook '/home/zhangwencheng/Documents/project/town_ws/install/village_li/share/village_li/hook/ament_prefix_path.sh'
[0.398s] INFO:colcon.colcon_core.shell:Skip shell extension 'powershell' for command environment: Not usable outside of PowerShell
[0.398s] DEBUG:colcon.colcon_core.shell:Skip shell extension 'dsv' for command environment
[0.402s] INFO:colcon.colcon_ros.task.ament_cmake.build:Building ROS package in '/home/zhangwencheng/Documents/project/town_ws/src/village_wang' with build type 'ament_cmake'
[0.402s] INFO:colcon.colcon_cmake.task.cmake.build:Building CMake package in '/home/zhangwencheng/Documents/project/town_ws/src/village_wang'
[0.404s] INFO:colcon.colcon_core.shell:Skip shell extension 'powershell' for command environment: Not usable outside of PowerShell
[0.404s] DEBUG:colcon.colcon_core.shell:Skip shell extension 'dsv' for command environment
[0.591s] INFO:colcon.colcon_core.task.python.build:Building Python package in '/home/zhangwencheng/Documents/project/town_ws/src/village_li'
[0.593s] INFO:colcon.colcon_core.shell:Skip shell extension 'powershell' for command environment: Not usable outside of PowerShell
[0.593s] DEBUG:colcon.colcon_core.shell:Skip shell extension 'dsv' for command environment
[0.602s] DEBUG:colcon.colcon_core.event_handler.log_command:Invoking command in '/home/zhangwencheng/Documents/project/town_ws/build/village_wang': CMAKE_PREFIX_PATH=/home/zhangwencheng/Documents/project/town_ws/install/village_li:/opt/ros/foxy /usr/bin/cmake --build /home/zhangwencheng/Documents/project/town_ws/build/village_wang -- -j12 -l12
[0.955s] DEBUG:colcon.colcon_core.event_handler.log_command:Invoking command in '/home/zhangwencheng/Documents/project/town_ws/src/village_li': PYTHONPATH=/home/zhangwencheng/Documents/project/town_ws/build/village_li/prefix_override:/home/zhangwencheng/Documents/project/town_ws/install/village_li/lib/python3.8/site-packages:${PYTHONPATH} /usr/bin/python3 setup.py egg_info --egg-base ../../build/village_li build --build-base /home/zhangwencheng/Documents/project/town_ws/build/village_li/build install --record /home/zhangwencheng/Documents/project/town_ws/build/village_li/install.log --install-scripts $base/lib/village_li --single-version-externally-managed
[1.215s] DEBUG:colcon.colcon_core.event_handler.log_command:Invoked command in '/home/zhangwencheng/Documents/project/town_ws/src/village_li' returned '0': PYTHONPATH=/home/zhangwencheng/Documents/project/town_ws/build/village_li/prefix_override:/home/zhangwencheng/Documents/project/town_ws/install/village_li/lib/python3.8/site-packages:${PYTHONPATH} /usr/bin/python3 setup.py egg_info --egg-base ../../build/village_li build --build-base /home/zhangwencheng/Documents/project/town_ws/build/village_li/build install --record /home/zhangwencheng/Documents/project/town_ws/build/village_li/install.log --install-scripts $base/lib/village_li --single-version-externally-managed
[1.219s] Level 1:colcon.colcon_core.environment:checking '/home/zhangwencheng/Documents/project/town_ws/install/village_li' for CMake module files
[1.219s] Level 1:colcon.colcon_core.environment:checking '/home/zhangwencheng/Documents/project/town_ws/install/village_li' for CMake config files
[1.220s] Level 1:colcon.colcon_core.environment:checking '/home/zhangwencheng/Documents/project/town_ws/install/village_li/lib'
[1.220s] Level 1:colcon.colcon_core.environment:checking '/home/zhangwencheng/Documents/project/town_ws/install/village_li/bin'
[1.221s] Level 1:colcon.colcon_core.environment:checking '/home/zhangwencheng/Documents/project/town_ws/install/village_li/lib/pkgconfig/village_li.pc'
[1.221s] Level 1:colcon.colcon_core.environment:checking '/home/zhangwencheng/Documents/project/town_ws/install/village_li/lib/python3.8/site-packages'
[1.221s] Level 1:colcon.colcon_core.shell:create_environment_hook('village_li', 'pythonpath')
[1.222s] INFO:colcon.colcon_core.shell:Creating environment hook '/home/zhangwencheng/Documents/project/town_ws/install/village_li/share/village_li/hook/pythonpath.ps1'
[1.223s] INFO:colcon.colcon_core.shell:Creating environment descriptor '/home/zhangwencheng/Documents/project/town_ws/install/village_li/share/village_li/hook/pythonpath.dsv'
[1.223s] INFO:colcon.colcon_core.shell:Creating environment hook '/home/zhangwencheng/Documents/project/town_ws/install/village_li/share/village_li/hook/pythonpath.sh'
[1.224s] Level 1:colcon.colcon_core.environment:checking '/home/zhangwencheng/Documents/project/town_ws/install/village_li/bin'
[1.224s] Level 1:colcon.colcon_core.environment:create_environment_scripts_only(village_li)
[1.225s] INFO:colcon.colcon_core.shell:Creating package script '/home/zhangwencheng/Documents/project/town_ws/install/village_li/share/village_li/package.ps1'
[1.226s] INFO:colcon.colcon_core.shell:Creating package descriptor '/home/zhangwencheng/Documents/project/town_ws/install/village_li/share/village_li/package.dsv'
[1.227s] INFO:colcon.colcon_core.shell:Creating package script '/home/zhangwencheng/Documents/project/town_ws/install/village_li/share/village_li/package.sh'
[1.227s] INFO:colcon.colcon_core.shell:Creating package script '/home/zhangwencheng/Documents/project/town_ws/install/village_li/share/village_li/package.bash'
[1.228s] INFO:colcon.colcon_core.shell:Creating package script '/home/zhangwencheng/Documents/project/town_ws/install/village_li/share/village_li/package.zsh'
[1.228s] Level 1:colcon.colcon_core.environment:create_file_with_runtime_dependencies(/home/zhangwencheng/Documents/project/town_ws/install/village_li/share/colcon-core/packages/village_li)
[2.218s] DEBUG:colcon.colcon_core.event_handler.log_command:Invoked command in '/home/zhangwencheng/Documents/project/town_ws/build/village_wang' returned '0': CMAKE_PREFIX_PATH=/home/zhangwencheng/Documents/project/town_ws/install/village_li:/opt/ros/foxy /usr/bin/cmake --build /home/zhangwencheng/Documents/project/town_ws/build/village_wang -- -j12 -l12
[2.245s] DEBUG:colcon.colcon_core.event_handler.log_command:Invoking command in '/home/zhangwencheng/Documents/project/town_ws/build/village_wang': CMAKE_PREFIX_PATH=/home/zhangwencheng/Documents/project/town_ws/install/village_li:/opt/ros/foxy /usr/bin/cmake --install /home/zhangwencheng/Documents/project/town_ws/build/village_wang
[2.254s] Level 1:colcon.colcon_core.environment:create_environment_scripts_only(village_wang)
[2.256s] Level 1:colcon.colcon_core.environment:checking '/home/zhangwencheng/Documents/project/town_ws/install/village_wang' for CMake module files
[2.256s] DEBUG:colcon.colcon_core.event_handler.log_command:Invoked command in '/home/zhangwencheng/Documents/project/town_ws/build/village_wang' returned '0': CMAKE_PREFIX_PATH=/home/zhangwencheng/Documents/project/town_ws/install/village_li:/opt/ros/foxy /usr/bin/cmake --install /home/zhangwencheng/Documents/project/town_ws/build/village_wang
[2.256s] Level 1:colcon.colcon_core.environment:checking '/home/zhangwencheng/Documents/project/town_ws/install/village_wang' for CMake config files
[2.256s] Level 1:colcon.colcon_core.shell:create_environment_hook('village_wang', 'cmake_prefix_path')
[2.258s] INFO:colcon.colcon_core.shell:Creating environment hook '/home/zhangwencheng/Documents/project/town_ws/install/village_wang/share/village_wang/hook/cmake_prefix_path.ps1'
[2.258s] INFO:colcon.colcon_core.shell:Creating environment descriptor '/home/zhangwencheng/Documents/project/town_ws/install/village_wang/share/village_wang/hook/cmake_prefix_path.dsv'
[2.258s] INFO:colcon.colcon_core.shell:Creating environment hook '/home/zhangwencheng/Documents/project/town_ws/install/village_wang/share/village_wang/hook/cmake_prefix_path.sh'
[2.259s] Level 1:colcon.colcon_core.environment:checking '/home/zhangwencheng/Documents/project/town_ws/install/village_wang/lib'
[2.259s] Level 1:colcon.colcon_core.environment:checking '/home/zhangwencheng/Documents/project/town_ws/install/village_wang/bin'
[2.259s] Level 1:colcon.colcon_core.environment:checking '/home/zhangwencheng/Documents/project/town_ws/install/village_wang/lib/pkgconfig/village_wang.pc'
[2.259s] Level 1:colcon.colcon_core.environment:checking '/home/zhangwencheng/Documents/project/town_ws/install/village_wang/lib/python3.8/site-packages'
[2.259s] Level 1:colcon.colcon_core.environment:checking '/home/zhangwencheng/Documents/project/town_ws/install/village_wang/bin'
[2.260s] INFO:colcon.colcon_core.shell:Creating package script '/home/zhangwencheng/Documents/project/town_ws/install/village_wang/share/village_wang/package.ps1'
[2.261s] INFO:colcon.colcon_core.shell:Creating package descriptor '/home/zhangwencheng/Documents/project/town_ws/install/village_wang/share/village_wang/package.dsv'
[2.261s] INFO:colcon.colcon_core.shell:Creating package script '/home/zhangwencheng/Documents/project/town_ws/install/village_wang/share/village_wang/package.sh'
[2.261s] INFO:colcon.colcon_core.shell:Creating package script '/home/zhangwencheng/Documents/project/town_ws/install/village_wang/share/village_wang/package.bash'
[2.261s] INFO:colcon.colcon_core.shell:Creating package script '/home/zhangwencheng/Documents/project/town_ws/install/village_wang/share/village_wang/package.zsh'
[2.262s] Level 1:colcon.colcon_core.environment:create_file_with_runtime_dependencies(/home/zhangwencheng/Documents/project/town_ws/install/village_wang/share/colcon-core/packages/village_wang)
[2.280s] Level 1:colcon.colcon_core.environment:create_environment_scripts_only(village_wang)
[2.281s] Level 1:colcon.colcon_core.environment:checking '/home/zhangwencheng/Documents/project/town_ws/install/village_wang' for CMake module files
[2.282s] Level 1:colcon.colcon_core.environment:checking '/home/zhangwencheng/Documents/project/town_ws/install/village_wang' for CMake config files
[2.282s] Level 1:colcon.colcon_core.shell:create_environment_hook('village_wang', 'cmake_prefix_path')
[2.283s] INFO:colcon.colcon_core.shell:Creating environment hook '/home/zhangwencheng/Documents/project/town_ws/install/village_wang/share/village_wang/hook/cmake_prefix_path.ps1'
[2.283s] INFO:colcon.colcon_core.shell:Creating environment descriptor '/home/zhangwencheng/Documents/project/town_ws/install/village_wang/share/village_wang/hook/cmake_prefix_path.dsv'
[2.284s] INFO:colcon.colcon_core.shell:Creating environment hook '/home/zhangwencheng/Documents/project/town_ws/install/village_wang/share/village_wang/hook/cmake_prefix_path.sh'
[2.284s] Level 1:colcon.colcon_core.environment:checking '/home/zhangwencheng/Documents/project/town_ws/install/village_wang/lib'
[2.284s] Level 1:colcon.colcon_core.environment:checking '/home/zhangwencheng/Documents/project/town_ws/install/village_wang/bin'
[2.284s] Level 1:colcon.colcon_core.environment:checking '/home/zhangwencheng/Documents/project/town_ws/install/village_wang/lib/pkgconfig/village_wang.pc'
[2.284s] Level 1:colcon.colcon_core.environment:checking '/home/zhangwencheng/Documents/project/town_ws/install/village_wang/lib/python3.8/site-packages'
[2.285s] Level 1:colcon.colcon_core.environment:checking '/home/zhangwencheng/Documents/project/town_ws/install/village_wang/bin'
[2.286s] INFO:colcon.colcon_core.shell:Creating package script '/home/zhangwencheng/Documents/project/town_ws/install/village_wang/share/village_wang/package.ps1'
[2.286s] INFO:colcon.colcon_core.shell:Creating package descriptor '/home/zhangwencheng/Documents/project/town_ws/install/village_wang/share/village_wang/package.dsv'
[2.287s] INFO:colcon.colcon_core.shell:Creating package script '/home/zhangwencheng/Documents/project/town_ws/install/village_wang/share/village_wang/package.sh'
[2.287s] INFO:colcon.colcon_core.shell:Creating package script '/home/zhangwencheng/Documents/project/town_ws/install/village_wang/share/village_wang/package.bash'
[2.287s] INFO:colcon.colcon_core.shell:Creating package script '/home/zhangwencheng/Documents/project/town_ws/install/village_wang/share/village_wang/package.zsh'
[2.287s] Level 1:colcon.colcon_core.environment:create_file_with_runtime_dependencies(/home/zhangwencheng/Documents/project/town_ws/install/village_wang/share/colcon-core/packages/village_wang)
[2.288s] DEBUG:colcon.colcon_parallel_executor.executor.parallel:closing loop
[2.288s] DEBUG:colcon.colcon_parallel_executor.executor.parallel:loop closed
[2.288s] DEBUG:colcon.colcon_parallel_executor.executor.parallel:run_until_complete finished with '0'
[2.289s] DEBUG:colcon.colcon_core.event_reactor:joining thread
[2.293s] INFO:colcon.colcon_core.plugin_system:Skipping extension 'colcon_notification.desktop_notification.terminal_notifier': Not used on non-Darwin systems
[2.293s] INFO:colcon.colcon_core.plugin_system:Skipping extension 'colcon_notification.desktop_notification.win32': Not used on non-Windows systems
[2.293s] INFO:colcon.colcon_notification.desktop_notification:Sending desktop notification using 'notify2'
[2.305s] DEBUG:colcon.colcon_core.event_reactor:joined thread
[2.306s] INFO:colcon.colcon_core.shell:Creating prefix script '/home/zhangwencheng/Documents/project/town_ws/install/local_setup.ps1'
[2.307s] INFO:colcon.colcon_core.shell:Creating prefix util module '/home/zhangwencheng/Documents/project/town_ws/install/_local_setup_util_ps1.py'
[2.308s] INFO:colcon.colcon_core.shell:Creating prefix chain script '/home/zhangwencheng/Documents/project/town_ws/install/setup.ps1'
[2.310s] INFO:colcon.colcon_core.shell:Creating prefix script '/home/zhangwencheng/Documents/project/town_ws/install/local_setup.sh'
[2.310s] INFO:colcon.colcon_core.shell:Creating prefix util module '/home/zhangwencheng/Documents/project/town_ws/install/_local_setup_util_sh.py'
[2.311s] INFO:colcon.colcon_core.shell:Creating prefix chain script '/home/zhangwencheng/Documents/project/town_ws/install/setup.sh'
[2.312s] INFO:colcon.colcon_core.shell:Creating prefix script '/home/zhangwencheng/Documents/project/town_ws/install/local_setup.bash'
[2.312s] INFO:colcon.colcon_core.shell:Creating prefix chain script '/home/zhangwencheng/Documents/project/town_ws/install/setup.bash'
[2.314s] INFO:colcon.colcon_core.shell:Creating prefix script '/home/zhangwencheng/Documents/project/town_ws/install/local_setup.zsh'
[2.314s] INFO:colcon.colcon_core.shell:Creating prefix chain script '/home/zhangwencheng/Documents/project/town_ws/install/setup.zsh'
