[0.174s] Invoking command in '/home/zhangwencheng/Documents/project/town_ws/build/village_wang': CMAKE_PREFIX_PATH=/opt/ros/foxy /usr/bin/cmake --build /home/zhangwencheng/Documents/project/town_ws/build/village_wang -- -j12 -l12
[0.254s] [100%] Built target wang2_node
[0.262s] Invoked command in '/home/zhangwencheng/Documents/project/town_ws/build/village_wang' returned '0': CMAKE_PREFIX_PATH=/opt/ros/foxy /usr/bin/cmake --build /home/zhangwencheng/Documents/project/town_ws/build/village_wang -- -j12 -l12
[0.285s] Invoking command in '/home/zhangwencheng/Documents/project/town_ws/build/village_wang': CMAKE_PREFIX_PATH=/opt/ros/foxy /usr/bin/cmake --install /home/zhangwencheng/Documents/project/town_ws/build/village_wang
[0.293s] -- Install configuration: ""
[0.293s] -- Up-to-date: /home/zhangwencheng/Documents/project/town_ws/install/village_wang/share/ament_index/resource_index/package_run_dependencies/village_wang
[0.293s] -- Up-to-date: /home/zhangwencheng/Documents/project/town_ws/install/village_wang/share/ament_index/resource_index/parent_prefix_path/village_wang
[0.293s] -- Up-to-date: /home/zhangwencheng/Documents/project/town_ws/install/village_wang/share/village_wang/environment/ament_prefix_path.sh
[0.293s] -- Up-to-date: /home/zhangwencheng/Documents/project/town_ws/install/village_wang/share/village_wang/environment/ament_prefix_path.dsv
[0.293s] -- Up-to-date: /home/zhangwencheng/Documents/project/town_ws/install/village_wang/share/village_wang/environment/path.sh
[0.293s] -- Up-to-date: /home/zhangwencheng/Documents/project/town_ws/install/village_wang/share/village_wang/environment/path.dsv
[0.293s] -- Up-to-date: /home/zhangwencheng/Documents/project/town_ws/install/village_wang/share/village_wang/local_setup.bash
[0.293s] -- Up-to-date: /home/zhangwencheng/Documents/project/town_ws/install/village_wang/share/village_wang/local_setup.sh
[0.293s] -- Up-to-date: /home/zhangwencheng/Documents/project/town_ws/install/village_wang/share/village_wang/local_setup.zsh
[0.293s] -- Up-to-date: /home/zhangwencheng/Documents/project/town_ws/install/village_wang/share/village_wang/local_setup.dsv
[0.293s] -- Installing: /home/zhangwencheng/Documents/project/town_ws/install/village_wang/share/village_wang/package.dsv
[0.293s] -- Up-to-date: /home/zhangwencheng/Documents/project/town_ws/install/village_wang/share/ament_index/resource_index/packages/village_wang
[0.293s] -- Up-to-date: /home/zhangwencheng/Documents/project/town_ws/install/village_wang/share/village_wang/cmake/village_wangConfig.cmake
[0.294s] -- Up-to-date: /home/zhangwencheng/Documents/project/town_ws/install/village_wang/share/village_wang/cmake/village_wangConfig-version.cmake
[0.294s] -- Up-to-date: /home/zhangwencheng/Documents/project/town_ws/install/village_wang/share/village_wang/package.xml
[0.294s] -- Up-to-date: /home/zhangwencheng/Documents/project/town_ws/install/village_wang/lib/village_wang/wang2_node
[0.295s] Invoked command in '/home/zhangwencheng/Documents/project/town_ws/build/village_wang' returned '0': CMAKE_PREFIX_PATH=/opt/ros/foxy /usr/bin/cmake --install /home/zhangwencheng/Documents/project/town_ws/build/village_wang
