[0.471s] Invoking command in '/home/zhangwencheng/Documents/project/town_ws/src/village_li': PYTHONPATH=/home/zhangwencheng/Documents/project/town_ws/build/village_li/prefix_override:/home/zhangwencheng/Documents/project/town_ws/install/village_li/lib/python3.8/site-packages:${PYTHONPATH} /usr/bin/python3 setup.py egg_info --egg-base ../../build/village_li build --build-base /home/zhangwencheng/Documents/project/town_ws/build/village_li/build install --record /home/zhangwencheng/Documents/project/town_ws/build/village_li/install.log --install-scripts $base/lib/village_li --single-version-externally-managed
[0.647s] running egg_info
[0.647s] creating ../../build/village_li/village_li.egg-info
[0.647s] writing ../../build/village_li/village_li.egg-info/PKG-INFO
[0.648s] writing dependency_links to ../../build/village_li/village_li.egg-info/dependency_links.txt
[0.648s] writing entry points to ../../build/village_li/village_li.egg-info/entry_points.txt
[0.648s] writing requirements to ../../build/village_li/village_li.egg-info/requires.txt
[0.648s] writing top-level names to ../../build/village_li/village_li.egg-info/top_level.txt
[0.649s] writing manifest file '../../build/village_li/village_li.egg-info/SOURCES.txt'
[0.672s] reading manifest file '../../build/village_li/village_li.egg-info/SOURCES.txt'
[0.673s] writing manifest file '../../build/village_li/village_li.egg-info/SOURCES.txt'
[0.673s] running build
[0.673s] running build_py
[0.673s] creating /home/zhangwencheng/Documents/project/town_ws/build/village_li/build
[0.673s] creating /home/zhangwencheng/Documents/project/town_ws/build/village_li/build/lib
[0.673s] creating /home/zhangwencheng/Documents/project/town_ws/build/village_li/build/lib/village_li
[0.673s] copying village_li/__init__.py -> /home/zhangwencheng/Documents/project/town_ws/build/village_li/build/lib/village_li
[0.674s] copying village_li/lisi.py -> /home/zhangwencheng/Documents/project/town_ws/build/village_li/build/lib/village_li
[0.677s] running install
[0.679s] running install_lib
[0.681s] creating /home/zhangwencheng/Documents/project/town_ws/install/village_li/lib/python3.8/site-packages/village_li
[0.681s] copying /home/zhangwencheng/Documents/project/town_ws/build/village_li/build/lib/village_li/__init__.py -> /home/zhangwencheng/Documents/project/town_ws/install/village_li/lib/python3.8/site-packages/village_li
[0.681s] copying /home/zhangwencheng/Documents/project/town_ws/build/village_li/build/lib/village_li/lisi.py -> /home/zhangwencheng/Documents/project/town_ws/install/village_li/lib/python3.8/site-packages/village_li
[0.682s] byte-compiling /home/zhangwencheng/Documents/project/town_ws/install/village_li/lib/python3.8/site-packages/village_li/__init__.py to __init__.cpython-38.pyc
[0.684s] byte-compiling /home/zhangwencheng/Documents/project/town_ws/install/village_li/lib/python3.8/site-packages/village_li/lisi.py to lisi.cpython-38.pyc
[0.684s] running install_data
[0.685s] creating /home/zhangwencheng/Documents/project/town_ws/install/village_li/share/ament_index
[0.686s] creating /home/zhangwencheng/Documents/project/town_ws/install/village_li/share/ament_index/resource_index
[0.686s] creating /home/zhangwencheng/Documents/project/town_ws/install/village_li/share/ament_index/resource_index/packages
[0.686s] copying resource/village_li -> /home/zhangwencheng/Documents/project/town_ws/install/village_li/share/ament_index/resource_index/packages
[0.686s] copying package.xml -> /home/zhangwencheng/Documents/project/town_ws/install/village_li/share/village_li
[0.686s] running install_egg_info
[0.687s] Copying ../../build/village_li/village_li.egg-info to /home/zhangwencheng/Documents/project/town_ws/install/village_li/lib/python3.8/site-packages/village_li-0.0.0-py3.8.egg-info
[0.688s] running install_scripts
[0.700s] Installing lisi_node script to /home/zhangwencheng/Documents/project/town_ws/install/village_li/lib/village_li
[0.700s] writing list of installed files to '/home/zhangwencheng/Documents/project/town_ws/build/village_li/install.log'
[0.721s] Invoked command in '/home/zhangwencheng/Documents/project/town_ws/src/village_li' returned '0': PYTHONPATH=/home/zhangwencheng/Documents/project/town_ws/build/village_li/prefix_override:/home/zhangwencheng/Documents/project/town_ws/install/village_li/lib/python3.8/site-packages:${PYTHONPATH} /usr/bin/python3 setup.py egg_info --egg-base ../../build/village_li build --build-base /home/zhangwencheng/Documents/project/town_ws/build/village_li/build install --record /home/zhangwencheng/Documents/project/town_ws/build/village_li/install.log --install-scripts $base/lib/village_li --single-version-externally-managed
