[0.563s] Invoking command in '/home/zhangwencheng/Documents/project/town_ws/src/village_li': PYTHONPATH=/home/zhangwencheng/Documents/project/town_ws/build/village_li/prefix_override:/home/zhangwencheng/Documents/project/town_ws/install/village_li/lib/python3.8/site-packages:${PYTHONPATH} /usr/bin/python3 setup.py egg_info --egg-base ../../build/village_li build --build-base /home/zhangwencheng/Documents/project/town_ws/build/village_li/build install --record /home/zhangwencheng/Documents/project/town_ws/build/village_li/install.log --install-scripts $base/lib/village_li --single-version-externally-managed
[0.742s] running egg_info
[0.743s] writing ../../build/village_li/village_li.egg-info/PKG-INFO
[0.743s] writing dependency_links to ../../build/village_li/village_li.egg-info/dependency_links.txt
[0.743s] writing entry points to ../../build/village_li/village_li.egg-info/entry_points.txt
[0.743s] writing requirements to ../../build/village_li/village_li.egg-info/requires.txt
[0.743s] writing top-level names to ../../build/village_li/village_li.egg-info/top_level.txt
[0.777s] reading manifest file '../../build/village_li/village_li.egg-info/SOURCES.txt'
[0.778s] writing manifest file '../../build/village_li/village_li.egg-info/SOURCES.txt'
[0.778s] running build
[0.778s] running build_py
[0.778s] running install
[0.779s] running install_lib
[0.780s] running install_data
[0.780s] running install_egg_info
[0.782s] removing '/home/zhangwencheng/Documents/project/town_ws/install/village_li/lib/python3.8/site-packages/village_li-0.0.0-py3.8.egg-info' (and everything under it)
[0.782s] Copying ../../build/village_li/village_li.egg-info to /home/zhangwencheng/Documents/project/town_ws/install/village_li/lib/python3.8/site-packages/village_li-0.0.0-py3.8.egg-info
[0.783s] running install_scripts
[0.797s] Installing lisi_node script to /home/zhangwencheng/Documents/project/town_ws/install/village_li/lib/village_li
[0.797s] writing list of installed files to '/home/zhangwencheng/Documents/project/town_ws/build/village_li/install.log'
[0.823s] Invoked command in '/home/zhangwencheng/Documents/project/town_ws/src/village_li' returned '0': PYTHONPATH=/home/zhangwencheng/Documents/project/town_ws/build/village_li/prefix_override:/home/zhangwencheng/Documents/project/town_ws/install/village_li/lib/python3.8/site-packages:${PYTHONPATH} /usr/bin/python3 setup.py egg_info --egg-base ../../build/village_li build --build-base /home/zhangwencheng/Documents/project/town_ws/build/village_li/build install --record /home/zhangwencheng/Documents/project/town_ws/build/village_li/install.log --install-scripts $base/lib/village_li --single-version-externally-managed
